[INFO] [robot_monitor]: Guarded contact lift
[INFO] [robot_monitor]: Wrist single tap: 13
[INFO] [robot_monitor]: Base bump event
[INFO] [robot_monitor]: Base bump event
[INFO] [robot_monitor]: Base bump event
[INFO] [robot_monitor]: Base bump event
[INFO] [robot_monitor]: Wrist single tap: 14
[INFO] [robot_monitor]: Guarded contact arm
[INFO] [robot_monitor]: Wrist single tap: 15
[INFO] [robot_monitor]: Wrist single tap: 16
[INFO] [robot_monitor]: Wrist single tap: 17
[INFO] [robot_monitor]: Wrist single tap: 18
[INFO] [robot_monitor]: Wrist single tap: 19
For use with S T R E T C H (R) from Hello Robot Inc.
---------------------------------------------------------------------

Key mapped to End-Of-Arm Tool: eoa_wrist_dw3_tool_sg3
press the start button to calibrate the robot
press the start button to calibrate the robot
press the start button to calibrate the robot
press the start button to calibrate the robot
press the start button to calibrate the robot
press the start button to calibrate the robot
press the start button to calibrate the robot
press the start button to calibrate the robot
press the start button to calibrate the robot
press the start button to calibrate the robot
press the start button to calibrate the robot
press the start button to calibrate the robot
press the start button to calibrate the robot
--------- Homing Head ----
--------- Homing Lift ----
Homing Lift...
Hardstop detected at motor position (rad) 107.8206787109375
Marking Lift position to 1.101937 (m)
Marking Lift position to 0.000000 (m)
Lift homing successful
--------- Homing Arm ----
Homing Arm...
Hardstop detected at motor position (rad) -0.37926024198532104
Marking Arm position to 0.000000 (m)
Arm homing successful
Moving to first hardstop...
First hardstop contact at position (ticks): 4095
-----
Homing offset was 2512
Marking current position to zero ticks
Homing offset is now  -1591 (ticks)
-----
Current position (ticks): 18
Moving to calibrated zero: (rad)
Moving to first hardstop...
First hardstop contact at position (ticks): 5
-----
Homing offset was 2184
Marking current position to zero ticks
Homing offset is now  2177 (ticks)
-----
Current position (ticks): 19
Moving to calibrated zero: (rad)
Caught signal 15
Caught signal 15
Traceback (most recent call last):
  File "/home/hello-robot/.local/lib/python3.10/site-packages/stretch_body/gamepad_teleop.py", line 461, in mainloop
    self.step_mainloop()
  File "/home/hello-robot/.local/lib/python3.10/site-packages/stretch_body/gamepad_teleop.py", line 454, in step_mainloop
    time.sleep(self.sleep)
  File "/home/hello-robot/.local/lib/python3.10/site-packages/stretch_body/hello_utils.py", line 296, in thread_service_shutdown
    raise ThreadServiceExit
stretch_body.hello_utils.ThreadServiceExit

During handling of the above exception, another exception occurred:

Traceback (most recent call last):
  File "/home/hello-robot/.local/bin/stretch_gamepad_teleop.py", line 11, in <module>
    gamepad_teleop.mainloop()
  File "/home/hello-robot/.local/lib/python3.10/site-packages/stretch_body/gamepad_teleop.py", line 464, in mainloop
    self.robot.stop()
  File "/home/hello-robot/.local/lib/python3.10/site-packages/stretch_body/robot.py", line 358, in stop
    self.devices[k].stop()
  File "/home/hello-robot/.local/lib/python3.10/site-packages/stretch_body/base.py", line 60, in stop
    self.left_wheel.stop()
  File "/home/hello-robot/.local/lib/python3.10/site-packages/stretch_body/stepper.py", line 191, in stop
    self.push_command(exiting=True)
  File "/home/hello-robot/.local/lib/python3.10/site-packages/stretch_body/stepper.py", line 224, in push_command
    self.transport.do_push_rpc_sync(payload[:sidx], self.rpc_command_reply, exiting=exiting)
  File "/home/hello-robot/.local/lib/python3.10/site-packages/stretch_body/transport.py", line 937, in do_push_rpc_sync
    self.sync_handler.do_rpc(push=True, payload=payload, reply_callback=reply_callback, exiting=exiting)
  File "/home/hello-robot/.local/lib/python3.10/site-packages/stretch_body/transport.py", line 166, in do_rpc
    time.sleep(0.1)  # May have been a hard exit, give time for bad data to land, remove, do final RPC
  File "/home/hello-robot/.local/lib/python3.10/site-packages/stretch_body/hello_utils.py", line 296, in thread_service_shutdown
    raise ThreadServiceExit
stretch_body.hello_utils.ThreadServiceExit
